#
# There is insufficient memory for the Java Runtime Environment to continue.
# Native memory allocation (malloc) failed to allocate 1048576 bytes for AllocateHeap
# Possible reasons:
#   The system is out of physical RAM or swap space
#   In 32 bit mode, the process size limit was hit
# Possible solutions:
#   Reduce memory load on the system
#   Increase physical memory or swap space
#   Check if swap backing store is full
#   Use 64 bit Java on a 64 bit OS
#   Decrease Java heap size (-Xmx/-Xms)
#   Decrease number of Java threads
#   Decrease Java thread stack sizes (-Xss)
#   Set larger code cache with -XX:ReservedCodeCacheSize=
# This output file may be truncated or incomplete.
#
#  Out of Memory Error (memory/allocation.inline.hpp:61), pid=238488, tid=0x0000000000039b30
#
# JRE version:  (8.0_121-b13) (build )
# Java VM: Java HotSpot(TM) 64-Bit Server VM (25.121-b13 mixed mode windows-amd64 compressed oops)
# Failed to write core dump. Minidumps are not enabled by default on client versions of Windows
#

---------------  T H R E A D  ---------------

Current thread (0x0000000002c9e000):  JavaThread "Unknown thread" [_thread_in_vm, id=236336, stack(0x0000000002950000,0x0000000002a50000)]

Stack: [0x0000000002950000,0x0000000002a50000]
[error occurred during error reporting (printing stack bounds), id 0xc0000005]

Native frames: (J=compiled Java code, j=interpreted, Vv=VM code, C=native code)


---------------  P R O C E S S  ---------------

Java Threads: ( => current thread )

Other Threads:

=>0x0000000002c9e000 (exited) JavaThread "Unknown thread" [_thread_in_vm, id=236336, stack(0x0000000002950000,0x0000000002a50000)]

VM state:not at safepoint (normal execution)

VM Mutex/Monitor currently owned by a thread: None

Heap:
 PSYoungGen      total 57344K, used 983K [0x00000000eab00000, 0x00000000eeb00000, 0x0000000100000000)
  eden space 49152K, 2% used [0x00000000eab00000,0x00000000eabf5c38,0x00000000edb00000)
  from space 8192K, 0% used [0x00000000ee300000,0x00000000ee300000,0x00000000eeb00000)
  to   space 8192K, 0% used [0x00000000edb00000,0x00000000edb00000,0x00000000ee300000)
 ParOldGen       total 131072K, used 0K [0x00000000c0000000, 0x00000000c8000000, 0x00000000eab00000)
  object space 131072K, 0% used [0x00000000c0000000,0x00000000c0000000,0x00000000c8000000)
 Metaspace       used 770K, capacity 4480K, committed 4480K, reserved 1056768K
  class space    used 75K, capacity 384K, committed 384K, reserved 1048576K

Card table byte_map: [0x0000000012060000,0x0000000012270000] byte_map_base: 0x0000000011a60000

Marking Bits: (ParMarkBitMap*) 0x0000000077e3b6d0
 Begin Bits: [0x00000000127d0000, 0x00000000137d0000)
 End Bits:   [0x00000000137d0000, 0x00000000147d0000)

Polling page: 0x0000000000d30000

CodeCache: size=245760Kb used=328Kb max_used=328Kb free=245431Kb
 bounds [0x0000000002ca0000, 0x0000000002f10000, 0x0000000011ca0000]
 total_blobs=58 nmethods=0 adapters=38
 compilation: enabled

Compilation events (0 events):
No events

GC Heap History (0 events):
No events

Deoptimization events (0 events):
No events

Internal exceptions (0 events):
No events

Events (10 events):
Event: 0.037 loading class java/lang/Short
Event: 0.037 loading class java/lang/Short done
Event: 0.037 loading class java/lang/Integer
Event: 0.037 loading class java/lang/Integer done
Event: 0.037 loading class java/lang/Long
Event: 0.037 loading class java/lang/Long done
Event: 0.038 loading class java/lang/NullPointerException
Event: 0.038 loading class java/lang/NullPointerException done
Event: 0.038 loading class java/lang/ArithmeticException
Event: 0.038 loading class java/lang/ArithmeticException done


Dynamic libraries:
0x00007ff702b40000 - 0x00007ff702b77000 	C:\Program Files\Java\jdk1.8.0_121\bin\java.exe
0x00007ffe9c810000 - 0x00007ffe9c9eb000 	C:\WINDOWS\SYSTEM32\ntdll.dll
0x00007ffe9a040000 - 0x00007ffe9a0ee000 	C:\WINDOWS\System32\KERNEL32.DLL
0x00007ffe98ec0000 - 0x00007ffe99109000 	C:\WINDOWS\System32\KERNELBASE.dll
0x00007ffe9a2d0000 - 0x00007ffe9a371000 	C:\WINDOWS\System32\ADVAPI32.dll
0x00007ffe99e80000 - 0x00007ffe99f1d000 	C:\WINDOWS\System32\msvcrt.dll
0x00007ffe9aa10000 - 0x00007ffe9aa69000 	C:\WINDOWS\System32\sechost.dll
0x00007ffe9a880000 - 0x00007ffe9a9a5000 	C:\WINDOWS\System32\RPCRT4.dll
0x00007ffe9a170000 - 0x00007ffe9a2ba000 	C:\WINDOWS\System32\USER32.dll
0x00007ffe99c40000 - 0x00007ffe99c5e000 	C:\WINDOWS\System32\win32u.dll
0x00007ffe9a700000 - 0x00007ffe9a727000 	C:\WINDOWS\System32\GDI32.dll
0x00007ffe98d30000 - 0x00007ffe98eb7000 	C:\WINDOWS\System32\gdi32full.dll
0x00007ffe99cd0000 - 0x00007ffe99d6a000 	C:\WINDOWS\System32\msvcp_win.dll
0x00007ffe99170000 - 0x00007ffe99266000 	C:\WINDOWS\System32\ucrtbase.dll
0x00007ffe8c3e0000 - 0x00007ffe8c647000 	C:\WINDOWS\WinSxS\amd64_microsoft.windows.common-controls_6595b64144ccf1df_6.0.15063.483_none_26002d27e7c744a2\COMCTL32.dll
0x00007ffe9a400000 - 0x00007ffe9a6f9000 	C:\WINDOWS\System32\combase.dll
0x00007ffe99c60000 - 0x00007ffe99cca000 	C:\WINDOWS\System32\bcryptPrimitives.dll
0x00007ffe9b3a0000 - 0x00007ffe9b3cd000 	C:\WINDOWS\System32\IMM32.DLL
0x0000000077ec0000 - 0x0000000077f92000 	C:\Program Files\Java\jdk1.8.0_121\jre\bin\msvcr100.dll
0x0000000077620000 - 0x0000000077ebb000 	C:\Program Files\Java\jdk1.8.0_121\jre\bin\server\jvm.dll
0x00007ffe99f20000 - 0x00007ffe99f28000 	C:\WINDOWS\System32\PSAPI.DLL
0x00007ffe948d0000 - 0x00007ffe948f3000 	C:\WINDOWS\SYSTEM32\WINMM.dll
0x00007ffe94770000 - 0x00007ffe9477a000 	C:\WINDOWS\SYSTEM32\VERSION.dll
0x00007ffe8ebd0000 - 0x00007ffe8ebd9000 	C:\WINDOWS\SYSTEM32\WSOCK32.dll
0x00007ffe9a100000 - 0x00007ffe9a16c000 	C:\WINDOWS\System32\WS2_32.dll
0x00007ffe948a0000 - 0x00007ffe948cb000 	C:\WINDOWS\SYSTEM32\winmmbase.dll
0x00007ffe99970000 - 0x00007ffe999b9000 	C:\WINDOWS\System32\cfgmgr32.dll
0x0000000050480000 - 0x000000005048f000 	C:\Program Files\Java\jdk1.8.0_121\jre\bin\verify.dll
0x0000000050020000 - 0x0000000050049000 	C:\Program Files\Java\jdk1.8.0_121\jre\bin\java.dll
0x0000000050000000 - 0x0000000050016000 	C:\Program Files\Java\jdk1.8.0_121\jre\bin\zip.dll

VM Arguments:
jvm_args: -Djava.awt.headless=true -Xmx1024M -Dfile.encoding=windows-1252 -Duser.country=US -Duser.language=en -Duser.variant 
java_command: com.android.dx.command.Main --dex --num-threads=4 --output F:\yearfour\trungcodereact\PickFood\android\app\build\intermediates\pre-dexed\debug\com.google.android.gms-play-services-maps-11.6.0_c4317bae2799b7b07bb8161f3bac13d4e63ed4da.jar F:\yearfour\trungcodereact\PickFood\android\app\build\intermediates\exploded-aar\com.google.android.gms\play-services-maps\11.6.0\jars\classes.jar
java_class_path (initial): C:\Users\doquo\AppData\Local\Android\sdk\build-tools\23.0.1\lib\dx.jar
Launcher Type: SUN_STANDARD

Environment Variables:
JAVA_HOME=C:\Program Files\Java\jdk1.8.0_121
CLASSPATH=F:\yearfour\trungcodereact\PickFood\android\\gradle\wrapper\gradle-wrapper.jar
PATH=C:\Program Files\Docker\Docker\Resources\bin;C:\ProgramData\Oracle\Java\javapath;C:\Windows\system32;C:\Windows;C:\Windows\System32\Wbem;C:\Windows\System32\WindowsPowerShell\v1.0\;C:\Program Files\Microsoft SQL Server\110\Tools\Binn\;C:\Program Files (x86)\NVIDIA Corporation\PhysX\Common;C:\Program Files (x86)\GtkSharp\2.12\bin;C:\Program Files\MySQL\MySQL Utilities 1.6\;C:\Program Files\Git\cmd;C:\Program Files\Microsoft SQL Server\130\Tools\Binn\;C:\Program Files\TortoiseSVN\bin;C:\WINDOWS\system32;C:\WINDOWS;C:\WINDOWS\System32\Wbem;C:\WINDOWS\System32\WindowsPowerShell\v1.0\;C:\Program Files\Microsoft SQL Server\120\Tools\Binn\;C:\Program Files\nodejs\;C:\Users\doquo\AppData\Local\Android\sdk\platform-tools;C:\Users\doquo\AppData\Local\Programs\Python\Python36-32\Scripts\;C:\Users\doquo\AppData\Local\Programs\Python\Python36-32\;C:\Users\doquo\AppData\Local\Microsoft\WindowsApps;C:\Program Files (x86)\OpenVPN\bin;C:\Users\doquo\AppData\Roaming\npm;C:\Program Files\Microsoft VS Code\bin;C:\Users\doquo\AppData\Local\GitHubDesktop\bin
USERNAME=doquo
OS=Windows_NT
PROCESSOR_IDENTIFIER=Intel64 Family 6 Model 69 Stepping 1, GenuineIntel



---------------  S Y S T E M  ---------------

OS: Windows 10.0 , 64 bit Build 15063 (10.0.15063.296)

CPU:total 4 (2 cores per cpu, 2 threads per core) family 6 model 69 stepping 1, cmov, cx8, fxsr, mmx, sse, sse2, sse3, ssse3, sse4.1, sse4.2, popcnt, avx, avx2, aes, clmul, erms, lzcnt, ht, tsc, tscinvbit, bmi1, bmi2

Memory: 4k page, physical 12479052k(1595024k free), swap 13503052k(5512k free)

vm_info: Java HotSpot(TM) 64-Bit Server VM (25.121-b13) for windows-amd64 JRE (1.8.0_121-b13), built on Dec 12 2016 18:21:36 by "java_re" with MS VC++ 10.0 (VS2010)

time: Fri Dec 22 09:13:47 2017
elapsed time: 0 seconds (0d 0h 0m 0s)

